<?xml version="1.0" encoding="UTF-8"?>
<testng-results skipped="0" failed="0" ignored="0" total="1" passed="1">
  <reporter-output>
  </reporter-output>
  <suite name="Default suite" duration-ms="9770" started-at="2021-10-28T12:57:04 CDT" finished-at="2021-10-28T12:57:14 CDT">
    <groups>
    </groups>
    <test name="Default test" duration-ms="9770" started-at="2021-10-28T12:57:04 CDT" finished-at="2021-10-28T12:57:14 CDT">
      <class name="Stepdefinitions.DSPLoginStepdefinition">
        <test-method status="PASS" signature="launchApp()[pri:0, instance:Stepdefinitions.DSPLoginStepdefinition@73700b80]" name="launchApp" duration-ms="9574" started-at="2021-10-28T12:57:05 CDT" finished-at="2021-10-28T12:57:14 CDT">
          <reporter-output>
          </reporter-output>
        </test-method> <!-- launchApp -->
      </class> <!-- Stepdefinitions.DSPLoginStepdefinition -->
    </test> <!-- Default test -->
  </suite> <!-- Default suite -->
</testng-results>
